Android/app/build/intermediates/manifest_merge_blame_file/debug/manifest-merger-blame-debug-report.txt
1<?xml version="1.0" encoding="utf-8"?>
2<manifest xmlns:android="http://schemas.android.com/apk/res/android"
3    package="com.example.login"
4    android:versionCode="1"
5    android:versionName="1.0" >
6
7    <uses-sdk
8        android:minSdkVersion="16"
8-->src\main\AndroidManifest.xml
9        android:targetSdkVersion="30" />
9-->src\main\AndroidManifest.xml
10
11    <uses-permission android:name="android.permission.INTERNET" />
11-->src\main\AndroidManifest.xml:4:5-67
11-->src\main\AndroidManifest.xml:4:22-64
12    <uses-permission android:name="android.permission.ACCESS_NETWORK_STATE" />
12-->src\main\AndroidManifest.xml:5:5-79
12-->src\main\AndroidManifest.xml:5:22-76
13    <uses-permission android:name="android.permission.ACCESS_WIFI_STATE" />
13-->src\main\AndroidManifest.xml:6:5-76
13-->src\main\AndroidManifest.xml:6:22-73
14
15    <application
15-->src\main\AndroidManifest.xml:7:5-40:19
16        android:allowBackup="true"
16-->src\main\AndroidManifest.xml:8:9-35
17        android:appComponentFactory="androidx.core.app.CoreComponentFactory"
17-->[androidx.core:core:1.3.1] AndroidManifest.xml:24:18-86
18        android:debuggable="true"
19        android:icon="@mipmap/ic_launcher"
19-->src\main\AndroidManifest.xml:9:9-43
20        android:label="@string/app_name"
20-->src\main\AndroidManifest.xml:10:9-41
21        android:roundIcon="@mipmap/ic_launcher_round"
21-->src\main\AndroidManifest.xml:11:9-54
22        android:supportsRtl="true"
22-->src\main\AndroidManifest.xml:12:9-35
23        android:testOnly="true"
24        android:theme="@style/AppTheme" >
24-->src\main\AndroidManifest.xml:13:9-40
25        <activity android:name="com.example.login.SignUpActivity" />
25-->src\main\AndroidManifest.xml:15:9-51
25-->src\main\AndroidManifest.xml:15:19-49
26        <activity android:name="com.example.login.ChangeProfileActivity" /> <!-- android:theme="@style/Theme.AppCompat.Light.DarkActionBar"> -->
26-->src\main\AndroidManifest.xml:16:9-59
26-->src\main\AndroidManifest.xml:16:19-56
27        <activity
27-->src\main\AndroidManifest.xml:17:9-19:51
28            android:name="com.example.login.MyPageActivity"
28-->src\main\AndroidManifest.xml:18:13-43
29            android:label="@string/btn_my_page" /> <!-- android:theme="@style/AppTheme"/> -->
29-->src\main\AndroidManifest.xml:19:13-48
30        <!-- 마이페이지부분만 NoActionBar 적용시켜놓은 상태 -->
31        <activity
31-->src\main\AndroidManifest.xml:21:9-23:52
32            android:name="com.example.login.RegisterActivity"
32-->src\main\AndroidManifest.xml:22:13-45
33            android:label="@string/btn_register" />
33-->src\main\AndroidManifest.xml:23:13-49
34        <activity
34-->src\main\AndroidManifest.xml:24:9-26:56
35            android:name="com.example.login.FindPasswordActivity"
35-->src\main\AndroidManifest.xml:25:13-49
36            android:label="@string/btn_findPassword" />
36-->src\main\AndroidManifest.xml:26:13-53
37        <activity
37-->src\main\AndroidManifest.xml:27:9-29:50
38            android:name="com.example.login.FindIdActivity"
38-->src\main\AndroidManifest.xml:28:13-43
39            android:label="@string/btn_findId" />
39-->src\main\AndroidManifest.xml:29:13-47
40        <activity
40-->src\main\AndroidManifest.xml:30:9-32:40
41            android:name="com.example.login.MainPageActivity"
41-->src\main\AndroidManifest.xml:31:13-45
42            android:label="MainPage" />
42-->src\main\AndroidManifest.xml:32:13-37
43        <activity android:name="com.example.login.LogInActivity" >
43-->src\main\AndroidManifest.xml:33:9-39:20
43-->src\main\AndroidManifest.xml:33:19-48
44            <intent-filter>
44-->src\main\AndroidManifest.xml:34:13-38:29
45                <action android:name="android.intent.action.MAIN" />
45-->src\main\AndroidManifest.xml:35:17-69
45-->src\main\AndroidManifest.xml:35:25-66
46
47                <category android:name="android.intent.category.LAUNCHER" />
47-->src\main\AndroidManifest.xml:37:17-77
47-->src\main\AndroidManifest.xml:37:27-74
48            </intent-filter>
49        </activity>
50    </application>
51
52</manifest>